<?xml version="1.0" encoding="UTF-8"?>
<!-- Generated by org.testng.reporters.JUnitReportReporter -->
<testsuite skipped="0" hostname="chaya" name="com.vtigerv2.testcripts.CreateProdut" tests="1" failures="0" timestamp="22 Aug 2020 12:34:09 GMT" time="236.236" errors="0">
  <testcase name="testCreateProduct" time="236.236" classname="com.vtigerv2.testcripts.CreateProdut"/>
</testsuite> <!-- com.vtigerv2.testcripts.CreateProdut -->
