<?xml version="1.0" encoding="UTF-8"?>
<!-- Generated by org.testng.reporters.JUnitReportReporter -->
<testsuite skipped="1" hostname="DESKTOP-7GU6RH7" name="com.vtigerv2.testcripts.EditCampaign" tests="1" failures="0" timestamp="29 Aug 2020 16:03:58 GMT" time="0.000" errors="0">
  <testcase name="testEditCampaign" time="0.000" classname="com.vtigerv2.testcripts.EditCampaign">
    <skipped/>
  </testcase> <!-- testEditCampaign -->
</testsuite> <!-- com.vtigerv2.testcripts.EditCampaign -->
