<?xml version="1.0" encoding="UTF-8"?>
<!-- Generated by org.testng.reporters.JUnitReportReporter -->
<testsuite skipped="1" hostname="DESKTOP-7GU6RH7" name="com.vtigerv2.testcripts.CancelCreatingVendor" tests="1" failures="0" timestamp="31 Aug 2020 03:01:15 GMT" time="0.001" errors="0">
  <testcase name="testCancelCreatingVendor" time="0.001" classname="com.vtigerv2.testcripts.CancelCreatingVendor">
    <skipped/>
  </testcase> <!-- testCancelCreatingVendor -->
</testsuite> <!-- com.vtigerv2.testcripts.CancelCreatingVendor -->
