<?xml version="1.0" encoding="UTF-8"?>
<!-- Generated by org.testng.reporters.JUnitReportReporter -->
<testsuite skipped="0" hostname="chaya" name="com.vtigerv2.testcripts.MassEditOrganization" tests="1" failures="0" timestamp="20 Aug 2020 08:20:01 GMT" time="139.008" errors="0">
  <testcase name="testMassEditOrg" time="139.008" classname="com.vtigerv2.testcripts.MassEditOrganization"/>
</testsuite> <!-- com.vtigerv2.testcripts.MassEditOrganization -->
