<?xml version="1.0" encoding="UTF-8"?>
<!-- Generated by org.testng.reporters.JUnitReportReporter -->
<<<<<<< HEAD
<testsuite skipped="1" hostname="DESKTOP-7GU6RH7" name="com.vtigerv2.testcripts.CreateFilter" tests="1" failures="0" timestamp="31 Aug 2020 03:01:15 GMT" time="0.000" errors="0">
  <testcase name="testCreateFilter" time="0.000" classname="com.vtigerv2.testcripts.CreateFilter">
    <skipped/>
  </testcase> <!-- testCreateFilter -->
=======
<testsuite skipped="0" hostname="chaya" name="com.vtigerv2.testcripts.CreateFilter" tests="1" failures="0" timestamp="22 Aug 2020 12:11:48 GMT" time="148.792" errors="0">
  <testcase name="testCreateFilterOrganization" time="148.792" classname="com.vtigerv2.testcripts.CreateFilter"/>
>>>>>>> branch 'master' of https://github.com/ELFteam-2/CRM-Vtiger.git
</testsuite> <!-- com.vtigerv2.testcripts.CreateFilter -->
