<?xml version="1.0" encoding="UTF-8"?>
<!-- Generated by org.testng.reporters.JUnitReportReporter -->
<testsuite skipped="0" hostname="chaya" name="com.vtigerv2.testcripts.CreateFilter" tests="1" failures="0" timestamp="22 Aug 2020 12:11:48 GMT" time="148.792" errors="0">
  <testcase name="testCreateFilterOrganization" time="148.792" classname="com.vtigerv2.testcripts.CreateFilter"/>
</testsuite> <!-- com.vtigerv2.testcripts.CreateFilter -->
