<?xml version="1.0" encoding="UTF-8"?>
<!-- Generated by org.testng.reporters.JUnitReportReporter -->
<testsuite hostname="DESKTOP-9GI3SDH" failures="0" tests="1" name="com.vtigerv2.testcripts.CreateCustomer$CreateCampaign" time="9.143" errors="0" timestamp="2020-08-18T12:54:58 IST" skipped="0">
  <testcase classname="com.vtigerv2.testcripts.CreateCustomer$CreateCampaign" name="testCreateCampaign" time="9.143"/>
  <system-out/>
</testsuite> <!-- com.vtigerv2.testcripts.CreateCustomer$CreateCampaign -->
