<?xml version="1.0" encoding="UTF-8"?>
<!-- Generated by org.testng.reporters.JUnitReportReporter -->
<testsuite skipped="1" hostname="admin-PC" name="com.vtigerv2.testcripts.Deletecontact" tests="1" failures="0" timestamp="30 Aug 2020 15:09:44 GMT" time="0.002" errors="0">
  <testcase name="deleteContacttest" time="0.002" classname="com.vtigerv2.testcripts.Deletecontact">
    <skipped/>
  </testcase> <!-- deleteContacttest -->
</testsuite> <!-- com.vtigerv2.testcripts.Deletecontact -->
