<?xml version="1.0" encoding="UTF-8"?>
<!-- Generated by org.testng.reporters.JUnitReportReporter -->
<testsuite skipped="0" hostname="LAPTOP-2SQG7017" name="com.vtigerv2.testcripts.CreatePurchaseOrder" tests="1" failures="0" timestamp="26 Aug 2020 13:28:27 GMT" time="24.406" errors="0">
  <testcase name="testCreatePurchaseOrder" time="24.406" classname="com.vtigerv2.testcripts.CreatePurchaseOrder"/>
</testsuite> <!-- com.vtigerv2.testcripts.CreatePurchaseOrder -->
