<?xml version="1.0" encoding="UTF-8"?>
<!-- Generated by org.testng.reporters.JUnitReportReporter -->
<testsuite skipped="0" hostname="LAPTOP-2SQG7017" name="com.vtigerv2.testcripts.SearchSalesOrder" tests="1" failures="0" timestamp="26 Aug 2020 13:25:55 GMT" time="18.313" errors="0">
  <testcase name="testSearchSalesOrder" time="18.313" classname="com.vtigerv2.testcripts.SearchSalesOrder"/>
</testsuite> <!-- com.vtigerv2.testcripts.SearchSalesOrder -->
