<?xml version="1.0" encoding="UTF-8"?>
<!-- Generated by org.testng.reporters.JUnitReportReporter -->
<testsuite skipped="0" hostname="DESKTOP-7GU6RH7" name="com.vtigerv2.testcripts.DismissDeleteCampaign" tests="1" failures="0" timestamp="26 Aug 2020 14:05:01 GMT" time="38.133" errors="0">
  <testcase name="testDismissDeleteCampaign" time="38.133" classname="com.vtigerv2.testcripts.DismissDeleteCampaign"/>
</testsuite> <!-- com.vtigerv2.testcripts.DismissDeleteCampaign -->
