<?xml version="1.0" encoding="UTF-8"?>
<!-- Generated by org.testng.reporters.JUnitReportReporter -->
<testsuite skipped="0" hostname="chaya" name="com.vtigerv2.testcripts.CreateOrganization" tests="1" failures="0" timestamp="22 Aug 2020 11:19:58 GMT" time="175.345" errors="0">
  <testcase name="testCreateOrganization" time="175.345" classname="com.vtigerv2.testcripts.CreateOrganization"/>
</testsuite> <!-- com.vtigerv2.testcripts.CreateOrganization -->
