<?xml version="1.0" encoding="UTF-8"?>
<!-- Generated by org.testng.reporters.JUnitReportReporter -->
<testsuite skipped="0" hostname="LAPTOP-2SQG7017" name="com.vtigerv2.testcripts.CreateSales" tests="1" failures="0" timestamp="25 Aug 2020 17:50:40 GMT" time="31.673" errors="0">
  <testcase name="testCreateSales" time="31.673" classname="com.vtigerv2.testcripts.CreateSales"/>
</testsuite> <!-- com.vtigerv2.testcripts.CreateSales -->
