<?xml version="1.0" encoding="UTF-8"?>
<!-- Generated by org.testng.reporters.JUnitReportReporter -->
<testsuite hostname="DESKTOP-9GI3SDH" failures="0" tests="1" name="com.vtigerv2.testcripts.CreateCampaign" time="8.134" errors="0" timestamp="2020-08-18T14:29:49 IST" skipped="0">
  <testcase classname="com.vtigerv2.testcripts.CreateCampaign" name="testCreateCampaign" time="8.134"/>
  <system-out/>
</testsuite> <!-- com.vtigerv2.testcripts.CreateCampaign -->
