<?xml version="1.0" encoding="UTF-8"?>
<!-- Generated by org.testng.reporters.JUnitReportReporter -->
<testsuite skipped="1" hostname="admin-PC" name="com.vtigerv2.testcripts.Duplicatecontact" tests="1" failures="0" timestamp="30 Aug 2020 07:06:09 GMT" time="0.005" errors="0">
  <testcase name="duplicatetest" time="0.005" classname="com.vtigerv2.testcripts.Duplicatecontact">
    <skipped/>
  </testcase> <!-- duplicatetest -->
</testsuite> <!-- com.vtigerv2.testcripts.Duplicatecontact -->
