<?xml version="1.0" encoding="UTF-8"?>
<!-- Generated by org.testng.reporters.JUnitReportReporter -->
<testsuite skipped="0" hostname="chaya" name="com.vtigerv2.testcripts.DeleteOrganization" tests="1" failures="0" timestamp="19 Aug 2020 12:34:08 GMT" time="60.502" errors="0">
  <testcase name="testDeleteOrganization" time="60.502" classname="com.vtigerv2.testcripts.DeleteOrganization"/>
</testsuite> <!-- com.vtigerv2.testcripts.DeleteOrganization -->
