<?xml version="1.0" encoding="UTF-8"?>
<!-- Generated by org.testng.reporters.JUnitReportReporter -->
<testsuite skipped="0" hostname="chaya" name="com.vtigerv2.testcripts.ExportOrganizations" tests="1" failures="0" timestamp="29 Aug 2020 08:53:18 GMT" time="156.825" errors="0">
  <testcase name="testExportOrganizations" time="156.825" classname="com.vtigerv2.testcripts.ExportOrganizations"/>
</testsuite> <!-- com.vtigerv2.testcripts.ExportOrganizations -->
