<?xml version="1.0" encoding="UTF-8"?>
<!-- Generated by org.testng.reporters.JUnitReportReporter -->
<testsuite skipped="0" hostname="LAPTOP-2SQG7017" name="com.vtigerv2.testcripts.MassEditSales" tests="1" failures="0" timestamp="26 Aug 2020 13:26:42 GMT" time="21.524" errors="0">
  <testcase name="testMassEditSales" time="21.524" classname="com.vtigerv2.testcripts.MassEditSales"/>
</testsuite> <!-- com.vtigerv2.testcripts.MassEditSales -->
