<?xml version="1.0" encoding="UTF-8"?>
<!-- Generated by org.testng.reporters.JUnitReportReporter -->
<testsuite skipped="0" hostname="LAPTOP-2SQG7017" name="com.vtigerv2.testcripts.MassEdit" tests="1" failures="0" timestamp="26 Aug 2020 13:24:20 GMT" time="20.469" errors="0">
  <testcase name="testMassEdit" time="20.469" classname="com.vtigerv2.testcripts.MassEdit"/>
</testsuite> <!-- com.vtigerv2.testcripts.MassEdit -->
