<?xml version="1.0" encoding="UTF-8"?>
<!-- Generated by org.testng.reporters.JUnitReportReporter -->
<testsuite skipped="0" hostname="LAPTOP-2SQG7017" name="com.vtigerv2.testcripts.SearchDuplicateAndExport" tests="1" failures="0" timestamp="29 Aug 2020 10:41:36 GMT" time="18.878" errors="0">
  <testcase name="testSearchDuplicateAndExport" time="18.878" classname="com.vtigerv2.testcripts.SearchDuplicateAndExport"/>
</testsuite> <!-- com.vtigerv2.testcripts.SearchDuplicateAndExport -->
