<?xml version="1.0" encoding="UTF-8"?>
<!-- Generated by org.testng.reporters.JUnitReportReporter -->
<testsuite skipped="0" hostname="LAPTOP-2SQG7017" name="com.vtigerv2.testcripts.SearchSalesUsingSubject" tests="1" failures="0" timestamp="26 Aug 2020 13:27:27 GMT" time="16.554" errors="0">
  <testcase name="testSearchSalesUsingSubject" time="16.554" classname="com.vtigerv2.testcripts.SearchSalesUsingSubject"/>
</testsuite> <!-- com.vtigerv2.testcripts.SearchSalesUsingSubject -->
