<?xml version="1.0" encoding="UTF-8"?>
<!-- Generated by org.testng.reporters.JUnitReportReporter -->
<testsuite skipped="0" hostname="chaya" name="com.vtigerv2.testcripts.CancelOrg" tests="1" failures="0" timestamp="29 Aug 2020 08:09:04 GMT" time="132.974" errors="0">
  <testcase name="testCancelOrganization" time="132.974" classname="com.vtigerv2.testcripts.CancelOrg"/>
</testsuite> <!-- com.vtigerv2.testcripts.CancelOrg -->
