<?xml version="1.0" encoding="UTF-8"?>
<!-- Generated by org.testng.reporters.JUnitReportReporter -->
<testsuite skipped="0" hostname="LAPTOP-2SQG7017" name="com.vtigerv2.testcripts.ExportPurchaseOrder" tests="1" failures="0" timestamp="26 Aug 2020 13:21:04 GMT" time="15.476" errors="0">
  <testcase name="testExportPurchaseOrder" time="15.476" classname="com.vtigerv2.testcripts.ExportPurchaseOrder"/>
</testsuite> <!-- com.vtigerv2.testcripts.ExportPurchaseOrder -->
