<?xml version="1.0" encoding="UTF-8"?>
<!-- Generated by org.testng.reporters.JUnitReportReporter -->
<testsuite skipped="0" hostname="LAPTOP-2SQG7017" name="com.vtigerv2.testcripts.EditPurchaseOrder" tests="1" failures="0" timestamp="29 Aug 2020 10:17:40 GMT" time="12.081" errors="0">
  <testcase name="testEditPurchaseOrder" time="12.081" classname="com.vtigerv2.testcripts.EditPurchaseOrder"/>
</testsuite> <!-- com.vtigerv2.testcripts.EditPurchaseOrder -->
