<?xml version="1.0" encoding="UTF-8"?>
<!-- Generated by org.testng.reporters.JUnitReportReporter -->
<testsuite skipped="0" hostname="LAPTOP-2SQG7017" name="com.vtigerv2.testcripts.CreateFilter" tests="1" failures="0" timestamp="26 Aug 2020 13:33:55 GMT" time="23.607" errors="0">
  <testcase name="testEditInvoice" time="23.607" classname="com.vtigerv2.testcripts.CreateFilter"/>
</testsuite> <!-- com.vtigerv2.testcripts.CreateFilter -->
