<?xml version="1.0" encoding="UTF-8"?>
<!-- Generated by org.testng.reporters.JUnitReportReporter -->
<testsuite skipped="0" hostname="DESKTOP-7GU6RH7" name="com.vtigerv2.testcripts.RestoreCampaign1" tests="1" failures="0" timestamp="29 Aug 2020 08:41:32 GMT" time="35.353" errors="0">
  <testcase name="testRestoreCampaignCreated" time="35.353" classname="com.vtigerv2.testcripts.RestoreCampaign1"/>
</testsuite> <!-- com.vtigerv2.testcripts.RestoreCampaign1 -->
