<?xml version="1.0" encoding="UTF-8"?>
<!-- Generated by org.testng.reporters.JUnitReportReporter -->
<testsuite skipped="1" hostname="admin-PC" name="com.vtigerv2.testcripts.Cancelservicemassedit" tests="1" failures="0" timestamp="30 Aug 2020 15:09:44 GMT" time="0.001" errors="0">
  <testcase name="massedit" time="0.001" classname="com.vtigerv2.testcripts.Cancelservicemassedit">
    <skipped/>
  </testcase> <!-- massedit -->
</testsuite> <!-- com.vtigerv2.testcripts.Cancelservicemassedit -->
