<?xml version="1.0" encoding="UTF-8"?>
<!-- Generated by org.testng.reporters.JUnitReportReporter -->
<testsuite skipped="0" hostname="LAPTOP-2SQG7017" name="com.vtigerv2.testcripts.JumpSales" tests="1" failures="0" timestamp="26 Aug 2020 13:29:16 GMT" time="24.740" errors="0">
  <testcase name="testJumpSales" time="24.740" classname="com.vtigerv2.testcripts.JumpSales"/>
</testsuite> <!-- com.vtigerv2.testcripts.JumpSales -->
