<?xml version="1.0" encoding="UTF-8"?>
<!-- Generated by org.testng.reporters.JUnitReportReporter -->
<testsuite skipped="0" hostname="LAPTOP-2SQG7017" name="com.vtigerv2.testcripts.EditSales" tests="1" failures="0" timestamp="26 Aug 2020 09:38:46 GMT" time="22.638" errors="0">
  <testcase name="testEditSales" time="22.638" classname="com.vtigerv2.testcripts.EditSales"/>
</testsuite> <!-- com.vtigerv2.testcripts.EditSales -->
